<?xml version="1.0" encoding="utf-8"?><testsuites><testsuite name="pytest" errors="0" failures="0" skipped="0" tests="78" time="1.669" timestamp="2026-09-12T20:09:36.558821+00:00" hostname="38c01b41a1b7"><testcase classname="tests.test_booking_conflicts.TestHasConflict" name="test_no_existing_bookings_never_conflicts" time="0.001" /><testcase classname="tests.test_booking_conflicts.TestHasConflict" name="test_identical_interval_conflicts" time="0.001" /><testcase classname="tests.test_booking_conflicts.TestHasConflict" name="test_new_booking_fully_inside_existing_conflicts" time="0.001" /><testcase classname="tests.test_booking_conflicts.TestHasConflict" name="test_new_booking_fully_containing_existing_conflicts" time="0.000" /><testcase classname="tests.test_booking_conflicts.TestHasConflict" name="test_partial_overlap_start_conflicts" time="0.001" /><testcase classname="tests.test_booking_conflicts.TestHasConflict" name="test_partial_overlap_end_conflicts" time="0.001" /><testcase classname="tests.test_booking_conflicts.TestHasConflict" name="test_back_to_back_end_equals_start_does_not_conflict" time="0.000" /><testcase classname="tests.test_booking_conflicts.TestHasConflict" name="test_back_to_back_before_does_not_conflict" time="0.000" /><testcase classname="tests.test_booking_conflicts.TestHasConflict" name="test_conflict_checked_against_multiple_existing_bookings" time="0.001" /><testcase classname="tests.test_booking_conflicts.TestValidateInterval" name="test_valid_interval_does_not_raise" time="0.000" /><testcase classname="tests.test_booking_conflicts.TestValidateInterval" name="test_end_before_start_raises" time="0.001" /><testcase classname="tests.test_booking_conflicts.TestValidateInterval" name="test_end_equal_start_raises" time="0.001" /><testcase classname="tests.test_booking_conflicts.TestValidateInterval" name="test_duration_below_minimum_raises" time="0.000" /><testcase classname="tests.test_booking_conflicts.TestValidateInterval" name="test_duration_exactly_minimum_is_valid" time="0.000" /><testcase classname="tests.test_booking_conflicts.TestValidateInterval" name="test_duration_above_maximum_raises" time="0.000" /><testcase classname="tests.test_booking_conflicts.TestValidateInterval" name="test_duration_exactly_maximum_is_valid" time="0.001" /><testcase classname="tests.test_booking_conflicts.TestValidateNotInPast" name="test_future_start_does_not_raise" time="0.001" /><testcase classname="tests.test_booking_conflicts.TestValidateNotInPast" name="test_past_start_raises" time="0.001" /><testcase classname="tests.test_booking_conflicts.TestValidateNotInPast" name="test_start_equal_now_is_valid" time="0.001" /><testcase classname="tests.test_booking_conflicts.TestValidateBusinessHours" name="test_inside_business_hours_does_not_raise" time="0.001" /><testcase classname="tests.test_booking_conflicts.TestValidateBusinessHours" name="test_start_before_opening_raises" time="0.001" /><testcase classname="tests.test_booking_conflicts.TestValidateBusinessHours" name="test_end_after_closing_raises" time="0.001" /><testcase classname="tests.test_booking_conflicts.TestValidateBusinessHours" name="test_ending_exactly_at_closing_is_valid" time="0.001" /><testcase classname="tests.test_booking_conflicts.TestValidateBusinessHours" name="test_spanning_two_days_raises" time="0.000" /><testcase classname="tests.test_booking_conflicts.TestValidateCapacity" name="test_within_capacity_does_not_raise" time="0.000" /><testcase classname="tests.test_booking_conflicts.TestValidateCapacity" name="test_exactly_at_capacity_is_valid" time="0.001" /><testcase classname="tests.test_booking_conflicts.TestValidateCapacity" name="test_above_capacity_raises" time="0.000" /><testcase classname="tests.test_booking_conflicts.TestValidateCapacity" name="test_zero_attendees_raises" time="0.000" /><testcase classname="tests.test_booking_conflicts.TestValidateCapacity" name="test_negative_attendees_raises" time="0.000" /><testcase classname="tests.test_booking_conflicts.TestComputeAvailability" name="test_no_bookings_whole_day_is_free" time="0.001" /><testcase classname="tests.test_booking_conflicts.TestComputeAvailability" name="test_single_booking_splits_day_in_two_slots" time="0.001" /><testcase classname="tests.test_booking_conflicts.TestComputeAvailability" name="test_booking_at_start_of_day_removes_first_slot" time="0.001" /><testcase classname="tests.test_booking_conflicts.TestComputeAvailability" name="test_booking_covering_whole_day_leaves_no_slots" time="0.001" /><testcase classname="tests.test_booking_conflicts.TestComputeAvailability" name="test_unordered_bookings_are_handled_correctly" time="0.001" /><testcase classname="tests.test_bookings" name="test_create_booking_success" time="0.059" /><testcase classname="tests.test_bookings" name="test_create_booking_room_not_found_returns_404" time="0.021" /><testcase classname="tests.test_bookings" name="test_create_booking_user_not_found_returns_404" time="0.021" /><testcase classname="tests.test_bookings" name="test_create_booking_conflicting_time_returns_409" time="0.034" /><testcase classname="tests.test_bookings" name="test_create_booking_exceeding_capacity_returns_422" time="0.028" /><testcase classname="tests.test_bookings" name="test_cancel_booking_success" time="0.039" /><testcase classname="tests.test_bookings" name="test_cancelled_slot_can_be_rebooked" time="0.043" /><testcase classname="tests.test_bookings" name="test_list_room_bookings_for_day" time="0.037" /><testcase classname="tests.test_bookings" name="test_get_room_availability" time="0.038" /><testcase classname="tests.test_bookings" name="test_list_user_bookings" time="0.038" /><testcase classname="tests.test_edge_cases" name="test_cancel_nonexistent_returns_404" time="0.015" /><testcase classname="tests.test_edge_cases" name="test_cancel_already_cancelled_is_idempotent" time="0.045" /><testcase classname="tests.test_edge_cases" name="test_booking_ending_after_business_hours_rejected" time="0.029" /><testcase classname="tests.test_edge_cases" name="test_booking_starting_before_business_hours_rejected" time="0.030" /><testcase classname="tests.test_edge_cases" name="test_booking_within_business_hours_at_the_edges_is_accepted" time="0.035" /><testcase classname="tests.test_edge_cases" name="test_booking_in_the_past_rejected" time="0.029" /><testcase classname="tests.test_edge_cases" name="test_booking_shorter_than_minimum_duration_rejected" time="0.029" /><testcase classname="tests.test_edge_cases" name="test_booking_longer_than_maximum_duration_rejected" time="0.029" /><testcase classname="tests.test_edge_cases" name="test_back_to_back_bookings_in_same_room_are_both_accepted" time="0.047" /><testcase classname="tests.test_edge_cases" name="test_same_time_different_rooms_both_accepted" time="0.051" /><testcase classname="tests.test_edge_cases" name="test_zero_attendees_rejected" time="0.030" /><testcase classname="tests.test_revision" name="test_offset_dates_are_normalized_and_conflict[0]" time="0.040" /><testcase classname="tests.test_revision" name="test_offset_dates_are_normalized_and_conflict[-3]" time="0.038" /><testcase classname="tests.test_revision" name="test_offset_dates_are_normalized_and_conflict[5]" time="0.042" /><testcase classname="tests.test_revision" name="test_mixed_offset_and_naive_date" time="0.035" /><testcase classname="tests.test_revision" name="test_range_includes_both_dates_excludes_cancelled_and_other_rooms" time="0.076" /><testcase classname="tests.test_revision" name="test_invalid_range_rejected[params0]" time="0.021" /><testcase classname="tests.test_revision" name="test_invalid_range_rejected[params1]" time="0.022" /><testcase classname="tests.test_revision" name="test_invalid_range_rejected[params2]" time="0.053" /><testcase classname="tests.test_revision" name="test_invalid_range_rejected[params3]" time="0.021" /><testcase classname="tests.test_revision" name="test_invalid_range_rejected[params4]" time="0.022" /><testcase classname="tests.test_revision" name="test_invalid_range_rejected[params5]" time="0.019" /><testcase classname="tests.test_revision" name="test_dotenv_loaded_and_explicit_environment_wins" time="0.008" /><testcase classname="tests.test_revision" name="test_concurrent_booking_only_one_confirmed" time="0.056" /><testcase classname="tests.test_rooms" name="test_create_room_success" time="0.016" /><testcase classname="tests.test_rooms" name="test_create_room_duplicate_name_returns_409" time="0.023" /><testcase classname="tests.test_rooms" name="test_create_room_invalid_capacity_returns_422" time="0.017" /><testcase classname="tests.test_rooms" name="test_list_rooms_returns_all_created" time="0.025" /><testcase classname="tests.test_rooms" name="test_get_room_by_id_success" time="0.020" /><testcase classname="tests.test_rooms" name="test_get_room_not_found_returns_404" time="0.013" /><testcase classname="tests.test_users" name="test_create_user_success" time="0.016" /><testcase classname="tests.test_users" name="test_create_user_duplicate_email_returns_409" time="0.020" /><testcase classname="tests.test_users" name="test_create_user_invalid_email_returns_422" time="0.013" /><testcase classname="tests.test_users" name="test_get_user_not_found_returns_404" time="0.014" /></testsuite></testsuites>